<?xml version="1.0" encoding="UTF-8"?>
<!-- Generated by org.testng.reporters.JUnitXMLReporter -->
<testsuite hostname="user-PC" ignored="2" name="Car" tests="3" failures="0" timestamp="06 Feb 2018 13:12:36 GMT" time="0.008" errors="0">
  <testcase name="flyingcar" time="0.001" classname="test.carloan1"/>
  <testcase name="wondercar" time="0.001" classname="test.carloan1"/>
  <testcase name="weblogin" time="0.0" classname="test.carloan"/>
  <testcase name="moblogin" time="0.0" classname="test.carloan">
    <ignored/>
  </testcase> <!-- moblogin -->
  <testcase name="moblogout" time="0.0" classname="test.carloan">
    <ignored/>
  </testcase> <!-- moblogout -->
</testsuite> <!-- Car -->
