<?xml version="1.0" encoding="UTF-8"?>
<!-- Generated by org.testng.reporters.JUnitXMLReporter -->
<testsuite hostname="user-PC" ignored="0" name="Home" tests="8" failures="0" timestamp="06 Feb 2018 13:32:55 GMT" time="0.059" errors="0">
  <testcase name="moblogin" time="0.013" classname="test.carloan"/>
  <testcase name="moblogout" time="0.002" classname="test.carloan"/>
  <testcase name="weblogin" time="0.002" classname="test.carloan"/>
  <testcase name="flyingcar" time="0.001" classname="test.carloan1"/>
  <testcase name="wondercar" time="0.001" classname="test.carloan1"/>
  <testcase name="hmoblogin" time="0.001" classname="test.homeloan"/>
  <testcase name="hweblogin" time="0.001" classname="test.homeloan"/>
  <testcase name="Demo" time="0.001" classname="test.TestNGDay1"/>
</testsuite> <!-- Home -->
