<?xml version="1.0" encoding="UTF-8"?>
<!-- Generated by org.testng.reporters.JUnitXMLReporter -->
<testsuite hostname="user-PC" ignored="1" name="Test" tests="3" failures="0" timestamp="06 Feb 2018 12:45:02 GMT" time="0.042" errors="0">
  <testcase name="hmoblogin" time="0.01" classname="test.homeloan"/>
  <testcase name="hweblogin" time="0.002" classname="test.homeloan"/>
  <testcase name="moblogin" time="0.001" classname="test.carloan"/>
  <testcase name="weblogin" time="0.0" classname="test.carloan">
    <ignored/>
  </testcase> <!-- weblogin -->
</testsuite> <!-- Test -->
